<?xml version="1.0" encoding="UTF-8"?>
<robot generator="Rebot 7.4.1 (Python 3.14.3 on darwin)" generated="2026-04-19T15:50:51.634209" rpa="false" schemaversion="5">
<suite id="s1" name="Tests" source="/Users/pawornrutkitika/automation/web-automation-robotframework/tests">
<suite id="s1-s1" name="Cart Test" source="/Users/pawornrutkitika/automation/web-automation-robotframework/tests/cart_test.robot">
<test id="s1-s1-t1" name="Add To Cart Test" line="6">
<kw name="Open Browser To Login Page" owner="common_keywords">
<kw name="Open Browser" owner="SeleniumLibrary">
<msg time="2026-04-19T15:50:47.772469" level="INFO">Opening browser 'Chrome' to base url 'https://www.saucedemo.com'.</msg>
<arg>${URL}</arg>
<arg>${BROWSER}</arg>
<doc>Opens a new browser instance to the optional ``url``.</doc>
<status status="PASS" start="2026-04-19T15:50:47.772345" elapsed="1.582466"/>
</kw>
<kw name="Maximize Browser Window" owner="SeleniumLibrary">
<doc>Maximizes current browser window.</doc>
<status status="PASS" start="2026-04-19T15:50:49.355687" elapsed="0.360894"/>
</kw>
<status status="PASS" start="2026-04-19T15:50:47.772029" elapsed="1.944789"/>
</kw>
<kw name="Input Username" owner="common_keywords">
<kw name="Input Text" owner="SeleniumLibrary">
<msg time="2026-04-19T15:50:49.718769" level="INFO">Typing text 'standard_user' into text field 'id=user-name'.</msg>
<arg>${USERNAME_FIELD}</arg>
<arg>${username}</arg>
<doc>Types the given ``text`` into the text field identified by ``locator``.</doc>
<status status="PASS" start="2026-04-19T15:50:49.717652" elapsed="0.108954"/>
</kw>
<arg>standard_user</arg>
<status status="PASS" start="2026-04-19T15:50:49.717126" elapsed="0.109885"/>
</kw>
<kw name="Input Password" owner="common_keywords">
<kw name="Input Text" owner="SeleniumLibrary">
<msg time="2026-04-19T15:50:49.827648" level="INFO">Typing text 'secret_sauce' into text field 'id=password'.</msg>
<arg>${PASSWORD_FIELD}</arg>
<arg>${password}</arg>
<doc>Types the given ``text`` into the text field identified by ``locator``.</doc>
<status status="PASS" start="2026-04-19T15:50:49.827508" elapsed="0.033301"/>
</kw>
<arg>secret_sauce</arg>
<status status="PASS" start="2026-04-19T15:50:49.827308" elapsed="0.033607"/>
</kw>
<kw name="Click Login" owner="common_keywords">
<kw name="Click Button" owner="SeleniumLibrary">
<msg time="2026-04-19T15:50:49.861789" level="INFO">Clicking button 'id=login-button'.</msg>
<arg>${LOGIN_BTN}</arg>
<doc>Clicks the button identified by ``locator``.</doc>
<status status="PASS" start="2026-04-19T15:50:49.861484" elapsed="0.041434"/>
</kw>
<status status="PASS" start="2026-04-19T15:50:49.861124" elapsed="0.041926"/>
</kw>
<kw name="Add Item To Cart" owner="common_keywords">
<kw name="Click Button" owner="SeleniumLibrary">
<msg time="2026-04-19T15:50:49.903987" level="INFO">Clicking button 'css=.btn_inventory'.</msg>
<arg>css=.btn_inventory</arg>
<doc>Clicks the button identified by ``locator``.</doc>
<status status="PASS" start="2026-04-19T15:50:49.903572" elapsed="0.109101"/>
</kw>
<status status="PASS" start="2026-04-19T15:50:49.903206" elapsed="0.109594"/>
</kw>
<kw name="Go To Cart" owner="common_keywords">
<kw name="Click Element" owner="SeleniumLibrary">
<msg time="2026-04-19T15:50:50.013298" level="INFO">Clicking element 'css=.shopping_cart_link'.</msg>
<arg>css=.shopping_cart_link</arg>
<doc>Click the element identified by ``locator``.</doc>
<status status="PASS" start="2026-04-19T15:50:50.013129" elapsed="0.031007"/>
</kw>
<status status="PASS" start="2026-04-19T15:50:50.012978" elapsed="0.031239"/>
</kw>
<kw name="Page Should Contain" owner="SeleniumLibrary">
<msg time="2026-04-19T15:50:50.049588" level="INFO">Current page contains text 'Sauce Labs Backpack'.</msg>
<arg>Sauce Labs Backpack</arg>
<doc>Verifies that current page contains ``text``.</doc>
<status status="PASS" start="2026-04-19T15:50:50.044299" elapsed="0.005348"/>
</kw>
<kw name="Close Browser" owner="SeleniumLibrary">
<doc>Closes the current browser.</doc>
<status status="PASS" start="2026-04-19T15:50:50.049741" elapsed="0.073587"/>
</kw>
<tag>add-cart</tag>
<tag>e2e</tag>
<tag>smoke</tag>
<tag>web</tag>
<status status="PASS" start="2026-04-19T15:50:47.771739" elapsed="2.351713"/>
</test>
<status status="PASS" start="2026-04-19T15:50:47.721000" elapsed="2.352000"/>
</suite>
<suite id="s1-s2" name="Checkout Test" source="/Users/pawornrutkitika/automation/web-automation-robotframework/tests/checkout_test.robot">
<test id="s1-s2-t1" name="Checkout Flow Test" line="6">
<kw name="Open Browser To Login Page" owner="common_keywords">
<kw name="Open Browser" owner="SeleniumLibrary">
<msg time="2026-04-19T15:50:47.772218" level="INFO">Opening browser 'Chrome' to base url 'https://www.saucedemo.com'.</msg>
<arg>${URL}</arg>
<arg>${BROWSER}</arg>
<doc>Opens a new browser instance to the optional ``url``.</doc>
<status status="PASS" start="2026-04-19T15:50:47.772099" elapsed="1.418373"/>
</kw>
<kw name="Maximize Browser Window" owner="SeleniumLibrary">
<doc>Maximizes current browser window.</doc>
<status status="PASS" start="2026-04-19T15:50:49.190733" elapsed="0.375314"/>
</kw>
<status status="PASS" start="2026-04-19T15:50:47.771778" elapsed="1.796494"/>
</kw>
<kw name="Input Username" owner="common_keywords">
<kw name="Input Text" owner="SeleniumLibrary">
<msg time="2026-04-19T15:50:49.573694" level="INFO">Typing text 'standard_user' into text field 'id=user-name'.</msg>
<arg>${USERNAME_FIELD}</arg>
<arg>${username}</arg>
<doc>Types the given ``text`` into the text field identified by ``locator``.</doc>
<status status="PASS" start="2026-04-19T15:50:49.571724" elapsed="0.135316"/>
</kw>
<arg>standard_user</arg>
<status status="PASS" start="2026-04-19T15:50:49.570393" elapsed="0.136919"/>
</kw>
<kw name="Input Password" owner="common_keywords">
<kw name="Input Text" owner="SeleniumLibrary">
<msg time="2026-04-19T15:50:49.710420" level="INFO">Typing text 'secret_sauce' into text field 'id=password'.</msg>
<arg>${PASSWORD_FIELD}</arg>
<arg>${password}</arg>
<doc>Types the given ``text`` into the text field identified by ``locator``.</doc>
<status status="PASS" start="2026-04-19T15:50:49.708574" elapsed="0.033162"/>
</kw>
<arg>secret_sauce</arg>
<status status="PASS" start="2026-04-19T15:50:49.708004" elapsed="0.033801"/>
</kw>
<kw name="Click Login" owner="common_keywords">
<kw name="Click Button" owner="SeleniumLibrary">
<msg time="2026-04-19T15:50:49.742159" level="INFO">Clicking button 'id=login-button'.</msg>
<arg>${LOGIN_BTN}</arg>
<doc>Clicks the button identified by ``locator``.</doc>
<status status="PASS" start="2026-04-19T15:50:49.742041" elapsed="0.049036"/>
</kw>
<status status="PASS" start="2026-04-19T15:50:49.741906" elapsed="0.049460"/>
</kw>
<kw name="Add Item To Cart" owner="common_keywords">
<kw name="Click Button" owner="SeleniumLibrary">
<msg time="2026-04-19T15:50:49.792922" level="INFO">Clicking button 'css=.btn_inventory'.</msg>
<arg>css=.btn_inventory</arg>
<doc>Clicks the button identified by ``locator``.</doc>
<status status="PASS" start="2026-04-19T15:50:49.792604" elapsed="0.068129"/>
</kw>
<status status="PASS" start="2026-04-19T15:50:49.791810" elapsed="0.069059"/>
</kw>
<kw name="Go To Cart" owner="common_keywords">
<kw name="Click Element" owner="SeleniumLibrary">
<msg time="2026-04-19T15:50:49.861541" level="INFO">Clicking element 'css=.shopping_cart_link'.</msg>
<arg>css=.shopping_cart_link</arg>
<doc>Click the element identified by ``locator``.</doc>
<status status="PASS" start="2026-04-19T15:50:49.861409" elapsed="0.025887"/>
</kw>
<status status="PASS" start="2026-04-19T15:50:49.861162" elapsed="0.026213"/>
</kw>
<kw name="Checkout" owner="common_keywords">
<kw name="Click Button" owner="SeleniumLibrary">
<msg time="2026-04-19T15:50:49.888026" level="INFO">Clicking button 'id=checkout'.</msg>
<arg>id=checkout</arg>
<doc>Clicks the button identified by ``locator``.</doc>
<status status="PASS" start="2026-04-19T15:50:49.887753" elapsed="0.044202"/>
</kw>
<status status="PASS" start="2026-04-19T15:50:49.887498" elapsed="0.044593"/>
</kw>
<kw name="Page Should Contain" owner="SeleniumLibrary">
<msg time="2026-04-19T15:50:49.938932" level="INFO">Current page contains text 'Checkout: Your Information'.</msg>
<arg>Checkout: Your Information</arg>
<doc>Verifies that current page contains ``text``.</doc>
<status status="PASS" start="2026-04-19T15:50:49.932290" elapsed="0.006710"/>
</kw>
<kw name="Close Browser" owner="SeleniumLibrary">
<doc>Closes the current browser.</doc>
<status status="PASS" start="2026-04-19T15:50:49.939101" elapsed="0.084191"/>
</kw>
<tag>check-out</tag>
<tag>e2e</tag>
<tag>smoke</tag>
<tag>web</tag>
<status status="PASS" start="2026-04-19T15:50:47.771488" elapsed="2.252104"/>
</test>
<status status="PASS" start="2026-04-19T15:50:47.721877" elapsed="2.302476"/>
</suite>
<suite id="s1-s3" name="Login Test" source="/Users/pawornrutkitika/automation/web-automation-robotframework/tests/login_test.robot">
<test id="s1-s3-t1" name="Login Test" line="9">
<kw name="Login With Multiple Users" owner="common_keywords">
<kw name="Open Browser To Login Page" owner="common_keywords">
<kw name="Open Browser" owner="SeleniumLibrary">
<msg time="2026-04-19T15:50:47.772460" level="INFO">Opening browser 'Chrome' to base url 'https://www.saucedemo.com'.</msg>
<arg>${URL}</arg>
<arg>${BROWSER}</arg>
<doc>Opens a new browser instance to the optional ``url``.</doc>
<status status="PASS" start="2026-04-19T15:50:47.772346" elapsed="0.951856"/>
</kw>
<kw name="Maximize Browser Window" owner="SeleniumLibrary">
<doc>Maximizes current browser window.</doc>
<status status="PASS" start="2026-04-19T15:50:48.729719" elapsed="0.836324"/>
</kw>
<status status="PASS" start="2026-04-19T15:50:47.772088" elapsed="1.795669"/>
</kw>
<kw name="Input Username" owner="common_keywords">
<kw name="Input Text" owner="SeleniumLibrary">
<msg time="2026-04-19T15:50:49.573486" level="INFO">Typing text 'standard_user' into text field 'id=user-name'.</msg>
<arg>${USERNAME_FIELD}</arg>
<arg>${username}</arg>
<doc>Types the given ``text`` into the text field identified by ``locator``.</doc>
<status status="PASS" start="2026-04-19T15:50:49.571331" elapsed="0.135962"/>
</kw>
<arg>${username}</arg>
<status status="PASS" start="2026-04-19T15:50:49.570024" elapsed="0.137770"/>
</kw>
<kw name="Input Password" owner="common_keywords">
<kw name="Input Text" owner="SeleniumLibrary">
<msg time="2026-04-19T15:50:49.708555" level="INFO">Typing text 'secret_sauce' into text field 'id=password'.</msg>
<arg>${PASSWORD_FIELD}</arg>
<arg>${password}</arg>
<doc>Types the given ``text`` into the text field identified by ``locator``.</doc>
<status status="PASS" start="2026-04-19T15:50:49.708305" elapsed="0.033286"/>
</kw>
<arg>${password}</arg>
<status status="PASS" start="2026-04-19T15:50:49.708093" elapsed="0.033571"/>
</kw>
<kw name="Click Login" owner="common_keywords">
<kw name="Click Button" owner="SeleniumLibrary">
<msg time="2026-04-19T15:50:49.742032" level="INFO">Clicking button 'id=login-button'.</msg>
<arg>${LOGIN_BTN}</arg>
<doc>Clicks the button identified by ``locator``.</doc>
<status status="PASS" start="2026-04-19T15:50:49.741911" elapsed="0.049239"/>
</kw>
<status status="PASS" start="2026-04-19T15:50:49.741768" elapsed="0.049598"/>
</kw>
<kw name="Verify Login Success" owner="common_keywords">
<kw name="Wait Until Page Contains Element" owner="SeleniumLibrary">
<arg>css=.inventory_list</arg>
<doc>Waits until the element ``locator`` appears on the current page.</doc>
<status status="PASS" start="2026-04-19T15:50:49.792529" elapsed="0.005272"/>
</kw>
<status status="PASS" start="2026-04-19T15:50:49.791622" elapsed="0.006321"/>
</kw>
<kw name="Close Browser" owner="SeleniumLibrary">
<doc>Closes the current browser.</doc>
<status status="PASS" start="2026-04-19T15:50:49.798155" elapsed="0.091252"/>
</kw>
<arg>standard_user</arg>
<arg>secret_sauce</arg>
<status status="PASS" start="2026-04-19T15:50:47.771908" elapsed="2.117725"/>
</kw>
<kw name="Login With Multiple Users" owner="common_keywords">
<kw name="Open Browser To Login Page" owner="common_keywords">
<kw name="Open Browser" owner="SeleniumLibrary">
<msg time="2026-04-19T15:50:49.891881" level="INFO">Opening browser 'Chrome' to base url 'https://www.saucedemo.com'.</msg>
<arg>${URL}</arg>
<arg>${BROWSER}</arg>
<doc>Opens a new browser instance to the optional ``url``.</doc>
<status status="PASS" start="2026-04-19T15:50:49.891684" elapsed="0.911944"/>
</kw>
<kw name="Maximize Browser Window" owner="SeleniumLibrary">
<doc>Maximizes current browser window.</doc>
<status status="PASS" start="2026-04-19T15:50:50.803888" elapsed="0.355504"/>
</kw>
<status status="PASS" start="2026-04-19T15:50:49.890898" elapsed="1.268579"/>
</kw>
<kw name="Input Username" owner="common_keywords">
<kw name="Input Text" owner="SeleniumLibrary">
<msg time="2026-04-19T15:50:51.159992" level="INFO">Typing text 'problem_user' into text field 'id=user-name'.</msg>
<arg>${USERNAME_FIELD}</arg>
<arg>${username}</arg>
<doc>Types the given ``text`` into the text field identified by ``locator``.</doc>
<status status="PASS" start="2026-04-19T15:50:51.159862" elapsed="0.054702"/>
</kw>
<arg>${username}</arg>
<status status="PASS" start="2026-04-19T15:50:51.159654" elapsed="0.054980"/>
</kw>
<kw name="Input Password" owner="common_keywords">
<kw name="Input Text" owner="SeleniumLibrary">
<msg time="2026-04-19T15:50:51.215102" level="INFO">Typing text 'secret_sauce' into text field 'id=password'.</msg>
<arg>${PASSWORD_FIELD}</arg>
<arg>${password}</arg>
<doc>Types the given ``text`` into the text field identified by ``locator``.</doc>
<status status="PASS" start="2026-04-19T15:50:51.215001" elapsed="0.023667"/>
</kw>
<arg>${password}</arg>
<status status="PASS" start="2026-04-19T15:50:51.214777" elapsed="0.023954"/>
</kw>
<kw name="Click Login" owner="common_keywords">
<kw name="Click Button" owner="SeleniumLibrary">
<msg time="2026-04-19T15:50:51.239027" level="INFO">Clicking button 'id=login-button'.</msg>
<arg>${LOGIN_BTN}</arg>
<doc>Clicks the button identified by ``locator``.</doc>
<status status="PASS" start="2026-04-19T15:50:51.238936" elapsed="0.029825"/>
</kw>
<status status="PASS" start="2026-04-19T15:50:51.238822" elapsed="0.030074"/>
</kw>
<kw name="Verify Login Success" owner="common_keywords">
<kw name="Wait Until Page Contains Element" owner="SeleniumLibrary">
<arg>css=.inventory_list</arg>
<doc>Waits until the element ``locator`` appears on the current page.</doc>
<status status="PASS" start="2026-04-19T15:50:51.269142" elapsed="0.003786"/>
</kw>
<status status="PASS" start="2026-04-19T15:50:51.269005" elapsed="0.003976"/>
</kw>
<kw name="Close Browser" owner="SeleniumLibrary">
<doc>Closes the current browser.</doc>
<status status="PASS" start="2026-04-19T15:50:51.273043" elapsed="0.071835"/>
</kw>
<arg>problem_user</arg>
<arg>secret_sauce</arg>
<status status="PASS" start="2026-04-19T15:50:49.890065" elapsed="1.454892"/>
</kw>
<tag>e2e</tag>
<tag>login</tag>
<tag>smoke</tag>
<tag>web</tag>
<status status="PASS" start="2026-04-19T15:50:47.771612" elapsed="3.573466"/>
</test>
<status status="PASS" start="2026-04-19T15:50:47.722245" elapsed="3.623256"/>
</suite>
<status status="PASS" start="2026-04-19T15:50:47.709000" elapsed="3.636000"/>
</suite>
<statistics>
<total>
<stat pass="3" fail="0" skip="0">All Tests</stat>
</total>
<tag>
<stat pass="1" fail="0" skip="0">add-cart</stat>
<stat pass="1" fail="0" skip="0">check-out</stat>
<stat pass="3" fail="0" skip="0">e2e</stat>
<stat pass="1" fail="0" skip="0">login</stat>
<stat pass="3" fail="0" skip="0">smoke</stat>
<stat pass="3" fail="0" skip="0">web</stat>
</tag>
<suite>
<stat name="Tests" id="s1" pass="3" fail="0" skip="0">Tests</stat>
<stat name="Cart Test" id="s1-s1" pass="1" fail="0" skip="0">Tests.Cart Test</stat>
<stat name="Checkout Test" id="s1-s2" pass="1" fail="0" skip="0">Tests.Checkout Test</stat>
<stat name="Login Test" id="s1-s3" pass="1" fail="0" skip="0">Tests.Login Test</stat>
</suite>
</statistics>
<errors>
</errors>
</robot>
