<?xml version="1.0" encoding="UTF-8"?>
<robot generator="Robot 7.4.1 (Python 3.14.3 on darwin)" generated="2026-04-19T15:53:25.454731" rpa="false" schemaversion="5">
<suite id="s1" name="Tests" source="/Users/pawornrutkitika/automation/web-automation-robotframework/tests">
<suite id="s1-s1" name="Checkout Test" source="/Users/pawornrutkitika/automation/web-automation-robotframework/tests/checkout_test.robot">
<test id="s1-s1-t1" name="Checkout Flow Test" line="6">
<kw name="Open Browser To Login Page" owner="common_keywords">
<kw name="Open Browser" owner="SeleniumLibrary">
<msg time="2026-04-19T15:53:25.517799" level="INFO">Opening browser 'Chrome' to base url 'https://www.saucedemo.com'.</msg>
<arg>${URL}</arg>
<arg>${BROWSER}</arg>
<doc>Opens a new browser instance to the optional ``url``.</doc>
<status status="PASS" start="2026-04-19T15:53:25.517667" elapsed="1.497520"/>
</kw>
<kw name="Maximize Browser Window" owner="SeleniumLibrary">
<doc>Maximizes current browser window.</doc>
<status status="PASS" start="2026-04-19T15:53:27.015428" elapsed="0.356241"/>
</kw>
<status status="PASS" start="2026-04-19T15:53:25.517329" elapsed="1.854730"/>
</kw>
<kw name="Input Username" owner="common_keywords">
<kw name="Input Text" owner="SeleniumLibrary">
<msg time="2026-04-19T15:53:27.373115" level="INFO">Typing text 'standard_user' into text field 'id=user-name'.</msg>
<arg>${USERNAME_FIELD}</arg>
<arg>${username}</arg>
<doc>Types the given ``text`` into the text field identified by ``locator``.</doc>
<status status="PASS" start="2026-04-19T15:53:27.372670" elapsed="0.104182"/>
</kw>
<arg>standard_user</arg>
<status status="PASS" start="2026-04-19T15:53:27.372422" elapsed="0.104852"/>
</kw>
<kw name="Input Password" owner="common_keywords">
<kw name="Input Text" owner="SeleniumLibrary">
<msg time="2026-04-19T15:53:27.477902" level="INFO">Typing text 'secret_sauce' into text field 'id=password'.</msg>
<arg>${PASSWORD_FIELD}</arg>
<arg>${password}</arg>
<doc>Types the given ``text`` into the text field identified by ``locator``.</doc>
<status status="PASS" start="2026-04-19T15:53:27.477783" elapsed="0.057216"/>
</kw>
<arg>secret_sauce</arg>
<status status="PASS" start="2026-04-19T15:53:27.477592" elapsed="0.057485"/>
</kw>
<kw name="Click Login" owner="common_keywords">
<kw name="Click Button" owner="SeleniumLibrary">
<msg time="2026-04-19T15:53:27.536273" level="INFO">Clicking button 'id=login-button'.</msg>
<arg>${LOGIN_BTN}</arg>
<doc>Clicks the button identified by ``locator``.</doc>
<status status="PASS" start="2026-04-19T15:53:27.535739" elapsed="0.044374"/>
</kw>
<status status="PASS" start="2026-04-19T15:53:27.535179" elapsed="0.045106"/>
</kw>
<kw name="Add Item To Cart" owner="common_keywords">
<kw name="Click Button" owner="SeleniumLibrary">
<msg time="2026-04-19T15:53:27.581805" level="INFO">Clicking button 'css=.btn_inventory'.</msg>
<arg>css=.btn_inventory</arg>
<doc>Clicks the button identified by ``locator``.</doc>
<status status="PASS" start="2026-04-19T15:53:27.580988" elapsed="0.082258"/>
</kw>
<status status="PASS" start="2026-04-19T15:53:27.580554" elapsed="0.082755"/>
</kw>
<kw name="Go To Cart" owner="common_keywords">
<kw name="Click Element" owner="SeleniumLibrary">
<msg time="2026-04-19T15:53:27.663873" level="INFO">Clicking element 'css=.shopping_cart_link'.</msg>
<arg>css=.shopping_cart_link</arg>
<doc>Click the element identified by ``locator``.</doc>
<status status="PASS" start="2026-04-19T15:53:27.663755" elapsed="0.024871"/>
</kw>
<status status="PASS" start="2026-04-19T15:53:27.663600" elapsed="0.025215"/>
</kw>
<kw name="Checkout" owner="common_keywords">
<kw name="Click Button" owner="SeleniumLibrary">
<msg time="2026-04-19T15:53:27.689710" level="INFO">Clicking button 'id=checkout'.</msg>
<arg>id=checkout</arg>
<doc>Clicks the button identified by ``locator``.</doc>
<status status="PASS" start="2026-04-19T15:53:27.689474" elapsed="0.038316"/>
</kw>
<status status="PASS" start="2026-04-19T15:53:27.689084" elapsed="0.038900"/>
</kw>
<kw name="Page Should Contain" owner="SeleniumLibrary">
<msg time="2026-04-19T15:53:27.737144" level="INFO">Current page contains text 'Checkout: Your Information'.</msg>
<arg>Checkout: Your Information</arg>
<doc>Verifies that current page contains ``text``.</doc>
<status status="PASS" start="2026-04-19T15:53:27.728166" elapsed="0.009220"/>
</kw>
<kw name="Close Browser" owner="SeleniumLibrary">
<doc>Closes the current browser.</doc>
<status status="PASS" start="2026-04-19T15:53:27.737490" elapsed="0.087142"/>
</kw>
<tag>check-out</tag>
<tag>e2e</tag>
<tag>smoke</tag>
<tag>web</tag>
<status status="PASS" start="2026-04-19T15:53:25.517017" elapsed="2.307775"/>
</test>
<status status="PASS" start="2026-04-19T15:53:25.466410" elapsed="2.359429"/>
</suite>
<status status="PASS" start="2026-04-19T15:53:25.455590" elapsed="2.385090"/>
</suite>
<statistics>
<total>
<stat pass="1" fail="0" skip="0">All Tests</stat>
</total>
<tag>
<stat pass="1" fail="0" skip="0">check-out</stat>
<stat pass="1" fail="0" skip="0">e2e</stat>
<stat pass="1" fail="0" skip="0">smoke</stat>
<stat pass="1" fail="0" skip="0">web</stat>
</tag>
<suite>
<stat name="Tests" id="s1" pass="1" fail="0" skip="0">Tests</stat>
<stat name="Checkout Test" id="s1-s1" pass="1" fail="0" skip="0">Tests.Checkout Test</stat>
</suite>
</statistics>
<errors>
</errors>
</robot>
