<?xml version="1.0" encoding="UTF-8"?>
<robot generator="Robot 7.4.1 (Python 3.14.3 on darwin)" generated="2026-04-19T15:50:47.709008" rpa="false" schemaversion="5">
<suite id="s1" name="Tests" source="/Users/pawornrutkitika/automation/web-automation-robotframework/tests">
<suite id="s1-s1" name="Checkout Test" source="/Users/pawornrutkitika/automation/web-automation-robotframework/tests/checkout_test.robot">
<test id="s1-s1-t1" name="Checkout Flow Test" line="6">
<kw name="Open Browser To Login Page" owner="common_keywords">
<kw name="Open Browser" owner="SeleniumLibrary">
<msg time="2026-04-19T15:50:47.772218" level="INFO">Opening browser 'Chrome' to base url 'https://www.saucedemo.com'.</msg>
<arg>${URL}</arg>
<arg>${BROWSER}</arg>
<doc>Opens a new browser instance to the optional ``url``.</doc>
<status status="PASS" start="2026-04-19T15:50:47.772099" elapsed="1.418373"/>
</kw>
<kw name="Maximize Browser Window" owner="SeleniumLibrary">
<doc>Maximizes current browser window.</doc>
<status status="PASS" start="2026-04-19T15:50:49.190733" elapsed="0.375314"/>
</kw>
<status status="PASS" start="2026-04-19T15:50:47.771778" elapsed="1.796494"/>
</kw>
<kw name="Input Username" owner="common_keywords">
<kw name="Input Text" owner="SeleniumLibrary">
<msg time="2026-04-19T15:50:49.573694" level="INFO">Typing text 'standard_user' into text field 'id=user-name'.</msg>
<arg>${USERNAME_FIELD}</arg>
<arg>${username}</arg>
<doc>Types the given ``text`` into the text field identified by ``locator``.</doc>
<status status="PASS" start="2026-04-19T15:50:49.571724" elapsed="0.135316"/>
</kw>
<arg>standard_user</arg>
<status status="PASS" start="2026-04-19T15:50:49.570393" elapsed="0.136919"/>
</kw>
<kw name="Input Password" owner="common_keywords">
<kw name="Input Text" owner="SeleniumLibrary">
<msg time="2026-04-19T15:50:49.710420" level="INFO">Typing text 'secret_sauce' into text field 'id=password'.</msg>
<arg>${PASSWORD_FIELD}</arg>
<arg>${password}</arg>
<doc>Types the given ``text`` into the text field identified by ``locator``.</doc>
<status status="PASS" start="2026-04-19T15:50:49.708574" elapsed="0.033162"/>
</kw>
<arg>secret_sauce</arg>
<status status="PASS" start="2026-04-19T15:50:49.708004" elapsed="0.033801"/>
</kw>
<kw name="Click Login" owner="common_keywords">
<kw name="Click Button" owner="SeleniumLibrary">
<msg time="2026-04-19T15:50:49.742159" level="INFO">Clicking button 'id=login-button'.</msg>
<arg>${LOGIN_BTN}</arg>
<doc>Clicks the button identified by ``locator``.</doc>
<status status="PASS" start="2026-04-19T15:50:49.742041" elapsed="0.049036"/>
</kw>
<status status="PASS" start="2026-04-19T15:50:49.741906" elapsed="0.049460"/>
</kw>
<kw name="Add Item To Cart" owner="common_keywords">
<kw name="Click Button" owner="SeleniumLibrary">
<msg time="2026-04-19T15:50:49.792922" level="INFO">Clicking button 'css=.btn_inventory'.</msg>
<arg>css=.btn_inventory</arg>
<doc>Clicks the button identified by ``locator``.</doc>
<status status="PASS" start="2026-04-19T15:50:49.792604" elapsed="0.068129"/>
</kw>
<status status="PASS" start="2026-04-19T15:50:49.791810" elapsed="0.069059"/>
</kw>
<kw name="Go To Cart" owner="common_keywords">
<kw name="Click Element" owner="SeleniumLibrary">
<msg time="2026-04-19T15:50:49.861541" level="INFO">Clicking element 'css=.shopping_cart_link'.</msg>
<arg>css=.shopping_cart_link</arg>
<doc>Click the element identified by ``locator``.</doc>
<status status="PASS" start="2026-04-19T15:50:49.861409" elapsed="0.025887"/>
</kw>
<status status="PASS" start="2026-04-19T15:50:49.861162" elapsed="0.026213"/>
</kw>
<kw name="Checkout" owner="common_keywords">
<kw name="Click Button" owner="SeleniumLibrary">
<msg time="2026-04-19T15:50:49.888026" level="INFO">Clicking button 'id=checkout'.</msg>
<arg>id=checkout</arg>
<doc>Clicks the button identified by ``locator``.</doc>
<status status="PASS" start="2026-04-19T15:50:49.887753" elapsed="0.044202"/>
</kw>
<status status="PASS" start="2026-04-19T15:50:49.887498" elapsed="0.044593"/>
</kw>
<kw name="Page Should Contain" owner="SeleniumLibrary">
<msg time="2026-04-19T15:50:49.938932" level="INFO">Current page contains text 'Checkout: Your Information'.</msg>
<arg>Checkout: Your Information</arg>
<doc>Verifies that current page contains ``text``.</doc>
<status status="PASS" start="2026-04-19T15:50:49.932290" elapsed="0.006710"/>
</kw>
<kw name="Close Browser" owner="SeleniumLibrary">
<doc>Closes the current browser.</doc>
<status status="PASS" start="2026-04-19T15:50:49.939101" elapsed="0.084191"/>
</kw>
<tag>check-out</tag>
<tag>e2e</tag>
<tag>smoke</tag>
<tag>web</tag>
<status status="PASS" start="2026-04-19T15:50:47.771488" elapsed="2.252104"/>
</test>
<status status="PASS" start="2026-04-19T15:50:47.721877" elapsed="2.302476"/>
</suite>
<status status="PASS" start="2026-04-19T15:50:47.709827" elapsed="2.315138"/>
</suite>
<statistics>
<total>
<stat pass="1" fail="0" skip="0">All Tests</stat>
</total>
<tag>
<stat pass="1" fail="0" skip="0">check-out</stat>
<stat pass="1" fail="0" skip="0">e2e</stat>
<stat pass="1" fail="0" skip="0">smoke</stat>
<stat pass="1" fail="0" skip="0">web</stat>
</tag>
<suite>
<stat name="Tests" id="s1" pass="1" fail="0" skip="0">Tests</stat>
<stat name="Checkout Test" id="s1-s1" pass="1" fail="0" skip="0">Tests.Checkout Test</stat>
</suite>
</statistics>
<errors>
</errors>
</robot>
