<?xml version="1.0" encoding="UTF-8"?>
<robot generator="Rebot 7.4.1 (Python 3.14.3 on darwin)" generated="2026-04-19T15:53:29.344064" rpa="false" schemaversion="5">
<suite id="s1" name="Tests" source="/Users/pawornrutkitika/automation/web-automation-robotframework/tests">
<suite id="s1-s1" name="Cart Test" source="/Users/pawornrutkitika/automation/web-automation-robotframework/tests/cart_test.robot">
<test id="s1-s1-t1" name="Add To Cart Test" line="6">
<kw name="Open Browser To Login Page" owner="common_keywords">
<kw name="Open Browser" owner="SeleniumLibrary">
<msg time="2026-04-19T15:53:25.517535" level="INFO">Opening browser 'Chrome' to base url 'https://www.saucedemo.com'.</msg>
<arg>${URL}</arg>
<arg>${BROWSER}</arg>
<doc>Opens a new browser instance to the optional ``url``.</doc>
<status status="PASS" start="2026-04-19T15:53:25.517414" elapsed="1.551761"/>
</kw>
<kw name="Maximize Browser Window" owner="SeleniumLibrary">
<doc>Maximizes current browser window.</doc>
<status status="PASS" start="2026-04-19T15:53:27.069410" elapsed="0.357349"/>
</kw>
<status status="PASS" start="2026-04-19T15:53:25.517075" elapsed="1.909969"/>
</kw>
<kw name="Input Username" owner="common_keywords">
<kw name="Input Text" owner="SeleniumLibrary">
<msg time="2026-04-19T15:53:27.429085" level="INFO">Typing text 'standard_user' into text field 'id=user-name'.</msg>
<arg>${USERNAME_FIELD}</arg>
<arg>${username}</arg>
<doc>Types the given ``text`` into the text field identified by ``locator``.</doc>
<status status="PASS" start="2026-04-19T15:53:27.428548" elapsed="0.113137"/>
</kw>
<arg>standard_user</arg>
<status status="PASS" start="2026-04-19T15:53:27.427601" elapsed="0.114249"/>
</kw>
<kw name="Input Password" owner="common_keywords">
<kw name="Input Text" owner="SeleniumLibrary">
<msg time="2026-04-19T15:53:27.543035" level="INFO">Typing text 'secret_sauce' into text field 'id=password'.</msg>
<arg>${PASSWORD_FIELD}</arg>
<arg>${password}</arg>
<doc>Types the given ``text`` into the text field identified by ``locator``.</doc>
<status status="PASS" start="2026-04-19T15:53:27.542884" elapsed="0.041402"/>
</kw>
<arg>secret_sauce</arg>
<status status="PASS" start="2026-04-19T15:53:27.542359" elapsed="0.042684"/>
</kw>
<kw name="Click Login" owner="common_keywords">
<kw name="Click Button" owner="SeleniumLibrary">
<msg time="2026-04-19T15:53:27.586223" level="INFO">Clicking button 'id=login-button'.</msg>
<arg>${LOGIN_BTN}</arg>
<doc>Clicks the button identified by ``locator``.</doc>
<status status="PASS" start="2026-04-19T15:53:27.586080" elapsed="0.059297"/>
</kw>
<status status="PASS" start="2026-04-19T15:53:27.585657" elapsed="0.059859"/>
</kw>
<kw name="Add Item To Cart" owner="common_keywords">
<kw name="Click Button" owner="SeleniumLibrary">
<msg time="2026-04-19T15:53:27.646280" level="INFO">Clicking button 'css=.btn_inventory'.</msg>
<arg>css=.btn_inventory</arg>
<doc>Clicks the button identified by ``locator``.</doc>
<status status="PASS" start="2026-04-19T15:53:27.646074" elapsed="0.140120"/>
</kw>
<status status="PASS" start="2026-04-19T15:53:27.645738" elapsed="0.140526"/>
</kw>
<kw name="Go To Cart" owner="common_keywords">
<kw name="Click Element" owner="SeleniumLibrary">
<msg time="2026-04-19T15:53:27.786742" level="INFO">Clicking element 'css=.shopping_cart_link'.</msg>
<arg>css=.shopping_cart_link</arg>
<doc>Click the element identified by ``locator``.</doc>
<status status="PASS" start="2026-04-19T15:53:27.786635" elapsed="0.031406"/>
</kw>
<status status="PASS" start="2026-04-19T15:53:27.786451" elapsed="0.031664"/>
</kw>
<kw name="Page Should Contain" owner="SeleniumLibrary">
<msg time="2026-04-19T15:53:27.824379" level="INFO">Current page contains text 'Sauce Labs Backpack'.</msg>
<arg>Sauce Labs Backpack</arg>
<doc>Verifies that current page contains ``text``.</doc>
<status status="PASS" start="2026-04-19T15:53:27.818206" elapsed="0.006237"/>
</kw>
<kw name="Close Browser" owner="SeleniumLibrary">
<doc>Closes the current browser.</doc>
<status status="PASS" start="2026-04-19T15:53:27.824549" elapsed="0.075811"/>
</kw>
<tag>add-cart</tag>
<tag>e2e</tag>
<tag>smoke</tag>
<tag>web</tag>
<status status="PASS" start="2026-04-19T15:53:25.516778" elapsed="2.383763"/>
</test>
<status status="PASS" start="2026-04-19T15:53:25.466000" elapsed="2.384000"/>
</suite>
<suite id="s1-s2" name="Checkout Test" source="/Users/pawornrutkitika/automation/web-automation-robotframework/tests/checkout_test.robot">
<test id="s1-s2-t1" name="Checkout Flow Test" line="6">
<kw name="Open Browser To Login Page" owner="common_keywords">
<kw name="Open Browser" owner="SeleniumLibrary">
<msg time="2026-04-19T15:53:25.517799" level="INFO">Opening browser 'Chrome' to base url 'https://www.saucedemo.com'.</msg>
<arg>${URL}</arg>
<arg>${BROWSER}</arg>
<doc>Opens a new browser instance to the optional ``url``.</doc>
<status status="PASS" start="2026-04-19T15:53:25.517667" elapsed="1.497520"/>
</kw>
<kw name="Maximize Browser Window" owner="SeleniumLibrary">
<doc>Maximizes current browser window.</doc>
<status status="PASS" start="2026-04-19T15:53:27.015428" elapsed="0.356241"/>
</kw>
<status status="PASS" start="2026-04-19T15:53:25.517329" elapsed="1.854730"/>
</kw>
<kw name="Input Username" owner="common_keywords">
<kw name="Input Text" owner="SeleniumLibrary">
<msg time="2026-04-19T15:53:27.373115" level="INFO">Typing text 'standard_user' into text field 'id=user-name'.</msg>
<arg>${USERNAME_FIELD}</arg>
<arg>${username}</arg>
<doc>Types the given ``text`` into the text field identified by ``locator``.</doc>
<status status="PASS" start="2026-04-19T15:53:27.372670" elapsed="0.104182"/>
</kw>
<arg>standard_user</arg>
<status status="PASS" start="2026-04-19T15:53:27.372422" elapsed="0.104852"/>
</kw>
<kw name="Input Password" owner="common_keywords">
<kw name="Input Text" owner="SeleniumLibrary">
<msg time="2026-04-19T15:53:27.477902" level="INFO">Typing text 'secret_sauce' into text field 'id=password'.</msg>
<arg>${PASSWORD_FIELD}</arg>
<arg>${password}</arg>
<doc>Types the given ``text`` into the text field identified by ``locator``.</doc>
<status status="PASS" start="2026-04-19T15:53:27.477783" elapsed="0.057216"/>
</kw>
<arg>secret_sauce</arg>
<status status="PASS" start="2026-04-19T15:53:27.477592" elapsed="0.057485"/>
</kw>
<kw name="Click Login" owner="common_keywords">
<kw name="Click Button" owner="SeleniumLibrary">
<msg time="2026-04-19T15:53:27.536273" level="INFO">Clicking button 'id=login-button'.</msg>
<arg>${LOGIN_BTN}</arg>
<doc>Clicks the button identified by ``locator``.</doc>
<status status="PASS" start="2026-04-19T15:53:27.535739" elapsed="0.044374"/>
</kw>
<status status="PASS" start="2026-04-19T15:53:27.535179" elapsed="0.045106"/>
</kw>
<kw name="Add Item To Cart" owner="common_keywords">
<kw name="Click Button" owner="SeleniumLibrary">
<msg time="2026-04-19T15:53:27.581805" level="INFO">Clicking button 'css=.btn_inventory'.</msg>
<arg>css=.btn_inventory</arg>
<doc>Clicks the button identified by ``locator``.</doc>
<status status="PASS" start="2026-04-19T15:53:27.580988" elapsed="0.082258"/>
</kw>
<status status="PASS" start="2026-04-19T15:53:27.580554" elapsed="0.082755"/>
</kw>
<kw name="Go To Cart" owner="common_keywords">
<kw name="Click Element" owner="SeleniumLibrary">
<msg time="2026-04-19T15:53:27.663873" level="INFO">Clicking element 'css=.shopping_cart_link'.</msg>
<arg>css=.shopping_cart_link</arg>
<doc>Click the element identified by ``locator``.</doc>
<status status="PASS" start="2026-04-19T15:53:27.663755" elapsed="0.024871"/>
</kw>
<status status="PASS" start="2026-04-19T15:53:27.663600" elapsed="0.025215"/>
</kw>
<kw name="Checkout" owner="common_keywords">
<kw name="Click Button" owner="SeleniumLibrary">
<msg time="2026-04-19T15:53:27.689710" level="INFO">Clicking button 'id=checkout'.</msg>
<arg>id=checkout</arg>
<doc>Clicks the button identified by ``locator``.</doc>
<status status="PASS" start="2026-04-19T15:53:27.689474" elapsed="0.038316"/>
</kw>
<status status="PASS" start="2026-04-19T15:53:27.689084" elapsed="0.038900"/>
</kw>
<kw name="Page Should Contain" owner="SeleniumLibrary">
<msg time="2026-04-19T15:53:27.737144" level="INFO">Current page contains text 'Checkout: Your Information'.</msg>
<arg>Checkout: Your Information</arg>
<doc>Verifies that current page contains ``text``.</doc>
<status status="PASS" start="2026-04-19T15:53:27.728166" elapsed="0.009220"/>
</kw>
<kw name="Close Browser" owner="SeleniumLibrary">
<doc>Closes the current browser.</doc>
<status status="PASS" start="2026-04-19T15:53:27.737490" elapsed="0.087142"/>
</kw>
<tag>check-out</tag>
<tag>e2e</tag>
<tag>smoke</tag>
<tag>web</tag>
<status status="PASS" start="2026-04-19T15:53:25.517017" elapsed="2.307775"/>
</test>
<status status="PASS" start="2026-04-19T15:53:25.466410" elapsed="2.359429"/>
</suite>
<suite id="s1-s3" name="Login Test" source="/Users/pawornrutkitika/automation/web-automation-robotframework/tests/login_test.robot">
<test id="s1-s3-t1" name="Login Test" line="9">
<kw name="Login With Multiple Users" owner="common_keywords">
<kw name="Open Browser To Login Page" owner="common_keywords">
<kw name="Open Browser" owner="SeleniumLibrary">
<msg time="2026-04-19T15:53:25.517626" level="INFO">Opening browser 'Chrome' to base url 'https://www.saucedemo.com'.</msg>
<arg>${URL}</arg>
<arg>${BROWSER}</arg>
<doc>Opens a new browser instance to the optional ``url``.</doc>
<status status="PASS" start="2026-04-19T15:53:25.517517" elapsed="1.520571"/>
</kw>
<kw name="Maximize Browser Window" owner="SeleniumLibrary">
<doc>Maximizes current browser window.</doc>
<status status="PASS" start="2026-04-19T15:53:27.038443" elapsed="0.357679"/>
</kw>
<status status="PASS" start="2026-04-19T15:53:25.517266" elapsed="1.879180"/>
</kw>
<kw name="Input Username" owner="common_keywords">
<kw name="Input Text" owner="SeleniumLibrary">
<msg time="2026-04-19T15:53:27.399234" level="INFO">Typing text 'standard_user' into text field 'id=user-name'.</msg>
<arg>${USERNAME_FIELD}</arg>
<arg>${username}</arg>
<doc>Types the given ``text`` into the text field identified by ``locator``.</doc>
<status status="PASS" start="2026-04-19T15:53:27.397637" elapsed="0.113178"/>
</kw>
<arg>${username}</arg>
<status status="PASS" start="2026-04-19T15:53:27.397005" elapsed="0.118341"/>
</kw>
<kw name="Input Password" owner="common_keywords">
<kw name="Input Text" owner="SeleniumLibrary">
<msg time="2026-04-19T15:53:27.517778" level="INFO">Typing text 'secret_sauce' into text field 'id=password'.</msg>
<arg>${PASSWORD_FIELD}</arg>
<arg>${password}</arg>
<doc>Types the given ``text`` into the text field identified by ``locator``.</doc>
<status status="PASS" start="2026-04-19T15:53:27.517351" elapsed="0.039234"/>
</kw>
<arg>${password}</arg>
<status status="PASS" start="2026-04-19T15:53:27.516098" elapsed="0.040555"/>
</kw>
<kw name="Click Login" owner="common_keywords">
<kw name="Click Button" owner="SeleniumLibrary">
<msg time="2026-04-19T15:53:27.557004" level="INFO">Clicking button 'id=login-button'.</msg>
<arg>${LOGIN_BTN}</arg>
<doc>Clicks the button identified by ``locator``.</doc>
<status status="PASS" start="2026-04-19T15:53:27.556894" elapsed="0.049659"/>
</kw>
<status status="PASS" start="2026-04-19T15:53:27.556760" elapsed="0.050203"/>
</kw>
<kw name="Verify Login Success" owner="common_keywords">
<kw name="Wait Until Page Contains Element" owner="SeleniumLibrary">
<arg>css=.inventory_list</arg>
<doc>Waits until the element ``locator`` appears on the current page.</doc>
<status status="PASS" start="2026-04-19T15:53:27.607569" elapsed="0.007166"/>
</kw>
<status status="PASS" start="2026-04-19T15:53:27.607126" elapsed="0.007791"/>
</kw>
<kw name="Close Browser" owner="SeleniumLibrary">
<doc>Closes the current browser.</doc>
<status status="PASS" start="2026-04-19T15:53:27.615073" elapsed="0.083780"/>
</kw>
<arg>standard_user</arg>
<arg>secret_sauce</arg>
<status status="PASS" start="2026-04-19T15:53:25.517084" elapsed="2.182157"/>
</kw>
<kw name="Login With Multiple Users" owner="common_keywords">
<kw name="Open Browser To Login Page" owner="common_keywords">
<kw name="Open Browser" owner="SeleniumLibrary">
<msg time="2026-04-19T15:53:27.700093" level="INFO">Opening browser 'Chrome' to base url 'https://www.saucedemo.com'.</msg>
<arg>${URL}</arg>
<arg>${BROWSER}</arg>
<doc>Opens a new browser instance to the optional ``url``.</doc>
<status status="PASS" start="2026-04-19T15:53:27.699977" elapsed="0.922794"/>
</kw>
<kw name="Maximize Browser Window" owner="SeleniumLibrary">
<doc>Maximizes current browser window.</doc>
<status status="PASS" start="2026-04-19T15:53:28.623051" elapsed="0.357296"/>
</kw>
<status status="PASS" start="2026-04-19T15:53:27.699865" elapsed="1.280604"/>
</kw>
<kw name="Input Username" owner="common_keywords">
<kw name="Input Text" owner="SeleniumLibrary">
<msg time="2026-04-19T15:53:28.981116" level="INFO">Typing text 'problem_user' into text field 'id=user-name'.</msg>
<arg>${USERNAME_FIELD}</arg>
<arg>${username}</arg>
<doc>Types the given ``text`` into the text field identified by ``locator``.</doc>
<status status="PASS" start="2026-04-19T15:53:28.980972" elapsed="0.058672"/>
</kw>
<arg>${username}</arg>
<status status="PASS" start="2026-04-19T15:53:28.980752" elapsed="0.058963"/>
</kw>
<kw name="Input Password" owner="common_keywords">
<kw name="Input Text" owner="SeleniumLibrary">
<msg time="2026-04-19T15:53:29.040014" level="INFO">Typing text 'secret_sauce' into text field 'id=password'.</msg>
<arg>${PASSWORD_FIELD}</arg>
<arg>${password}</arg>
<doc>Types the given ``text`` into the text field identified by ``locator``.</doc>
<status status="PASS" start="2026-04-19T15:53:29.039927" elapsed="0.024769"/>
</kw>
<arg>${password}</arg>
<status status="PASS" start="2026-04-19T15:53:29.039797" elapsed="0.024962"/>
</kw>
<kw name="Click Login" owner="common_keywords">
<kw name="Click Button" owner="SeleniumLibrary">
<msg time="2026-04-19T15:53:29.065048" level="INFO">Clicking button 'id=login-button'.</msg>
<arg>${LOGIN_BTN}</arg>
<doc>Clicks the button identified by ``locator``.</doc>
<status status="PASS" start="2026-04-19T15:53:29.064959" elapsed="0.028776"/>
</kw>
<status status="PASS" start="2026-04-19T15:53:29.064847" elapsed="0.028954"/>
</kw>
<kw name="Verify Login Success" owner="common_keywords">
<kw name="Wait Until Page Contains Element" owner="SeleniumLibrary">
<arg>css=.inventory_list</arg>
<doc>Waits until the element ``locator`` appears on the current page.</doc>
<status status="PASS" start="2026-04-19T15:53:29.094019" elapsed="0.003637"/>
</kw>
<status status="PASS" start="2026-04-19T15:53:29.093889" elapsed="0.003822"/>
</kw>
<kw name="Close Browser" owner="SeleniumLibrary">
<doc>Closes the current browser.</doc>
<status status="PASS" start="2026-04-19T15:53:29.097769" elapsed="0.067899"/>
</kw>
<arg>problem_user</arg>
<arg>secret_sauce</arg>
<status status="PASS" start="2026-04-19T15:53:27.699588" elapsed="1.466140"/>
</kw>
<tag>e2e</tag>
<tag>login</tag>
<tag>smoke</tag>
<tag>web</tag>
<status status="PASS" start="2026-04-19T15:53:25.516796" elapsed="3.649018"/>
</test>
<status status="PASS" start="2026-04-19T15:53:25.466360" elapsed="3.699745"/>
</suite>
<status status="PASS" start="2026-04-19T15:53:25.455000" elapsed="3.711000"/>
</suite>
<statistics>
<total>
<stat pass="3" fail="0" skip="0">All Tests</stat>
</total>
<tag>
<stat pass="1" fail="0" skip="0">add-cart</stat>
<stat pass="1" fail="0" skip="0">check-out</stat>
<stat pass="3" fail="0" skip="0">e2e</stat>
<stat pass="1" fail="0" skip="0">login</stat>
<stat pass="3" fail="0" skip="0">smoke</stat>
<stat pass="3" fail="0" skip="0">web</stat>
</tag>
<suite>
<stat name="Tests" id="s1" pass="3" fail="0" skip="0">Tests</stat>
<stat name="Cart Test" id="s1-s1" pass="1" fail="0" skip="0">Tests.Cart Test</stat>
<stat name="Checkout Test" id="s1-s2" pass="1" fail="0" skip="0">Tests.Checkout Test</stat>
<stat name="Login Test" id="s1-s3" pass="1" fail="0" skip="0">Tests.Login Test</stat>
</suite>
</statistics>
<errors>
</errors>
</robot>
