<?xml version="1.0" encoding="UTF-8"?>
<robot generator="Robot 7.4.1 (Python 3.14.3 on darwin)" generated="2026-04-19T15:53:25.454731" rpa="false" schemaversion="5">
<suite id="s1" name="Tests" source="/Users/pawornrutkitika/automation/web-automation-robotframework/tests">
<suite id="s1-s1" name="Cart Test" source="/Users/pawornrutkitika/automation/web-automation-robotframework/tests/cart_test.robot">
<test id="s1-s1-t1" name="Add To Cart Test" line="6">
<kw name="Open Browser To Login Page" owner="common_keywords">
<kw name="Open Browser" owner="SeleniumLibrary">
<msg time="2026-04-19T15:53:25.517535" level="INFO">Opening browser 'Chrome' to base url 'https://www.saucedemo.com'.</msg>
<arg>${URL}</arg>
<arg>${BROWSER}</arg>
<doc>Opens a new browser instance to the optional ``url``.</doc>
<status status="PASS" start="2026-04-19T15:53:25.517414" elapsed="1.551761"/>
</kw>
<kw name="Maximize Browser Window" owner="SeleniumLibrary">
<doc>Maximizes current browser window.</doc>
<status status="PASS" start="2026-04-19T15:53:27.069410" elapsed="0.357349"/>
</kw>
<status status="PASS" start="2026-04-19T15:53:25.517075" elapsed="1.909969"/>
</kw>
<kw name="Input Username" owner="common_keywords">
<kw name="Input Text" owner="SeleniumLibrary">
<msg time="2026-04-19T15:53:27.429085" level="INFO">Typing text 'standard_user' into text field 'id=user-name'.</msg>
<arg>${USERNAME_FIELD}</arg>
<arg>${username}</arg>
<doc>Types the given ``text`` into the text field identified by ``locator``.</doc>
<status status="PASS" start="2026-04-19T15:53:27.428548" elapsed="0.113137"/>
</kw>
<arg>standard_user</arg>
<status status="PASS" start="2026-04-19T15:53:27.427601" elapsed="0.114249"/>
</kw>
<kw name="Input Password" owner="common_keywords">
<kw name="Input Text" owner="SeleniumLibrary">
<msg time="2026-04-19T15:53:27.543035" level="INFO">Typing text 'secret_sauce' into text field 'id=password'.</msg>
<arg>${PASSWORD_FIELD}</arg>
<arg>${password}</arg>
<doc>Types the given ``text`` into the text field identified by ``locator``.</doc>
<status status="PASS" start="2026-04-19T15:53:27.542884" elapsed="0.041402"/>
</kw>
<arg>secret_sauce</arg>
<status status="PASS" start="2026-04-19T15:53:27.542359" elapsed="0.042684"/>
</kw>
<kw name="Click Login" owner="common_keywords">
<kw name="Click Button" owner="SeleniumLibrary">
<msg time="2026-04-19T15:53:27.586223" level="INFO">Clicking button 'id=login-button'.</msg>
<arg>${LOGIN_BTN}</arg>
<doc>Clicks the button identified by ``locator``.</doc>
<status status="PASS" start="2026-04-19T15:53:27.586080" elapsed="0.059297"/>
</kw>
<status status="PASS" start="2026-04-19T15:53:27.585657" elapsed="0.059859"/>
</kw>
<kw name="Add Item To Cart" owner="common_keywords">
<kw name="Click Button" owner="SeleniumLibrary">
<msg time="2026-04-19T15:53:27.646280" level="INFO">Clicking button 'css=.btn_inventory'.</msg>
<arg>css=.btn_inventory</arg>
<doc>Clicks the button identified by ``locator``.</doc>
<status status="PASS" start="2026-04-19T15:53:27.646074" elapsed="0.140120"/>
</kw>
<status status="PASS" start="2026-04-19T15:53:27.645738" elapsed="0.140526"/>
</kw>
<kw name="Go To Cart" owner="common_keywords">
<kw name="Click Element" owner="SeleniumLibrary">
<msg time="2026-04-19T15:53:27.786742" level="INFO">Clicking element 'css=.shopping_cart_link'.</msg>
<arg>css=.shopping_cart_link</arg>
<doc>Click the element identified by ``locator``.</doc>
<status status="PASS" start="2026-04-19T15:53:27.786635" elapsed="0.031406"/>
</kw>
<status status="PASS" start="2026-04-19T15:53:27.786451" elapsed="0.031664"/>
</kw>
<kw name="Page Should Contain" owner="SeleniumLibrary">
<msg time="2026-04-19T15:53:27.824379" level="INFO">Current page contains text 'Sauce Labs Backpack'.</msg>
<arg>Sauce Labs Backpack</arg>
<doc>Verifies that current page contains ``text``.</doc>
<status status="PASS" start="2026-04-19T15:53:27.818206" elapsed="0.006237"/>
</kw>
<kw name="Close Browser" owner="SeleniumLibrary">
<doc>Closes the current browser.</doc>
<status status="PASS" start="2026-04-19T15:53:27.824549" elapsed="0.075811"/>
</kw>
<tag>add-cart</tag>
<tag>e2e</tag>
<tag>smoke</tag>
<tag>web</tag>
<status status="PASS" start="2026-04-19T15:53:25.516778" elapsed="2.383763"/>
</test>
<status status="PASS" start="2026-04-19T15:53:25.466839" elapsed="2.434158"/>
</suite>
<status status="PASS" start="2026-04-19T15:53:25.455583" elapsed="2.445683"/>
</suite>
<statistics>
<total>
<stat pass="1" fail="0" skip="0">All Tests</stat>
</total>
<tag>
<stat pass="1" fail="0" skip="0">add-cart</stat>
<stat pass="1" fail="0" skip="0">e2e</stat>
<stat pass="1" fail="0" skip="0">smoke</stat>
<stat pass="1" fail="0" skip="0">web</stat>
</tag>
<suite>
<stat name="Tests" id="s1" pass="1" fail="0" skip="0">Tests</stat>
<stat name="Cart Test" id="s1-s1" pass="1" fail="0" skip="0">Tests.Cart Test</stat>
</suite>
</statistics>
<errors>
</errors>
</robot>
